<?xml version="1.0" encoding="UTF-8"?>
<!-- Generated by org.testng.reporters.JUnitReportReporter -->
<testsuite hostname="DESKTOP-ENFLQIM" failures="0" tests="1" name="Package2.Class_A" time="0.024" errors="0" timestamp="2022-03-13T18:34:40 IST" skipped="0">
  <testcase classname="Package2.Class_A" name="M" time="0.024"/>
  <system-out/>
</testsuite> <!-- Package2.Class_A -->
